[2024-07-24T16:08:27.993+0000] {local_task_job_runner.py:120} INFO - ::group::Pre task execution logs
[2024-07-24T16:08:28.015+0000] {taskinstance.py:2076} INFO - Dependencies all met for dep_context=non-requeueable deps ti=<TaskInstance: car_price_prediction.first_task manual__2024-07-24T16:08:25.454213+00:00 [queued]>
[2024-07-24T16:08:28.022+0000] {taskinstance.py:2076} INFO - Dependencies all met for dep_context=requeueable deps ti=<TaskInstance: car_price_prediction.first_task manual__2024-07-24T16:08:25.454213+00:00 [queued]>
[2024-07-24T16:08:28.023+0000] {taskinstance.py:2306} INFO - Starting attempt 1 of 2
[2024-07-24T16:08:28.037+0000] {taskinstance.py:2330} INFO - Executing <Task(BashOperator): first_task> on 2024-07-24 16:08:25.454213+00:00
[2024-07-24T16:08:28.043+0000] {warnings.py:112} WARNING - /home/***/.local/lib/python3.12/site-packages/***/task/task_runner/standard_task_runner.py:61: DeprecationWarning: This process (pid=62) is multi-threaded, use of fork() may lead to deadlocks in the child.
  pid = os.fork()

[2024-07-24T16:08:28.045+0000] {standard_task_runner.py:63} INFO - Started process 71 to run task
[2024-07-24T16:08:28.045+0000] {standard_task_runner.py:90} INFO - Running: ['***', 'tasks', 'run', 'car_price_prediction', 'first_task', 'manual__2024-07-24T16:08:25.454213+00:00', '--job-id', '75', '--raw', '--subdir', 'DAGS_FOLDER/hw_dag.py', '--cfg-path', '/tmp/tmpq1hfsod4']
[2024-07-24T16:08:28.046+0000] {standard_task_runner.py:91} INFO - Job 75: Subtask first_task
[2024-07-24T16:08:28.092+0000] {task_command.py:426} INFO - Running <TaskInstance: car_price_prediction.first_task manual__2024-07-24T16:08:25.454213+00:00 [running]> on host f7e8a3dbc720
[2024-07-24T16:08:28.175+0000] {taskinstance.py:2648} INFO - Exporting env vars: AIRFLOW_CTX_DAG_OWNER='***' AIRFLOW_CTX_DAG_ID='car_price_prediction' AIRFLOW_CTX_TASK_ID='first_task' AIRFLOW_CTX_EXECUTION_DATE='2024-07-24T16:08:25.454213+00:00' AIRFLOW_CTX_TRY_NUMBER='1' AIRFLOW_CTX_DAG_RUN_ID='manual__2024-07-24T16:08:25.454213+00:00'
[2024-07-24T16:08:28.176+0000] {taskinstance.py:430} INFO - ::endgroup::
[2024-07-24T16:08:28.177+0000] {subprocess.py:63} INFO - Tmp dir root location: /tmp
[2024-07-24T16:08:28.178+0000] {subprocess.py:75} INFO - Running command: ['/usr/bin/bash', '-c', 'echo "This pipeline"']
[2024-07-24T16:08:28.188+0000] {subprocess.py:86} INFO - Output:
[2024-07-24T16:08:28.189+0000] {subprocess.py:93} INFO - This pipeline
[2024-07-24T16:08:28.190+0000] {subprocess.py:97} INFO - Command exited with return code 0
[2024-07-24T16:08:28.191+0000] {taskinstance.py:441} INFO - ::group::Post task execution logs
[2024-07-24T16:08:28.214+0000] {taskinstance.py:1206} INFO - Marking task as SUCCESS. dag_id=car_price_prediction, task_id=first_task, run_id=manual__2024-07-24T16:08:25.454213+00:00, execution_date=20240724T160825, start_date=20240724T160828, end_date=20240724T160828
[2024-07-24T16:08:28.260+0000] {local_task_job_runner.py:240} INFO - Task exited with return code 0
[2024-07-24T16:08:28.303+0000] {taskinstance.py:3503} INFO - 1 downstream tasks scheduled from follow-on schedule check
[2024-07-24T16:08:28.307+0000] {local_task_job_runner.py:222} INFO - ::endgroup::
