[2024-07-24T22:34:36.043+0000] {local_task_job_runner.py:120} INFO - ::group::Pre task execution logs
[2024-07-24T22:34:36.065+0000] {taskinstance.py:2076} INFO - Dependencies all met for dep_context=non-requeueable deps ti=<TaskInstance: car_price_prediction.first_task manual__2024-07-24T22:34:34.070025+00:00 [queued]>
[2024-07-24T22:34:36.072+0000] {taskinstance.py:2076} INFO - Dependencies all met for dep_context=requeueable deps ti=<TaskInstance: car_price_prediction.first_task manual__2024-07-24T22:34:34.070025+00:00 [queued]>
[2024-07-24T22:34:36.073+0000] {taskinstance.py:2306} INFO - Starting attempt 1 of 2
[2024-07-24T22:34:36.085+0000] {taskinstance.py:2330} INFO - Executing <Task(BashOperator): first_task> on 2024-07-24 22:34:34.070025+00:00
[2024-07-24T22:34:36.092+0000] {warnings.py:112} WARNING - /home/***/.local/lib/python3.12/site-packages/***/task/task_runner/standard_task_runner.py:61: DeprecationWarning: This process (pid=468) is multi-threaded, use of fork() may lead to deadlocks in the child.
  pid = os.fork()

[2024-07-24T22:34:36.094+0000] {standard_task_runner.py:63} INFO - Started process 477 to run task
[2024-07-24T22:34:36.094+0000] {standard_task_runner.py:90} INFO - Running: ['***', 'tasks', 'run', 'car_price_prediction', 'first_task', 'manual__2024-07-24T22:34:34.070025+00:00', '--job-id', '225', '--raw', '--subdir', 'DAGS_FOLDER/hw_dag.py', '--cfg-path', '/tmp/tmpis4lba4p']
[2024-07-24T22:34:36.095+0000] {standard_task_runner.py:91} INFO - Job 225: Subtask first_task
[2024-07-24T22:34:36.139+0000] {task_command.py:426} INFO - Running <TaskInstance: car_price_prediction.first_task manual__2024-07-24T22:34:34.070025+00:00 [running]> on host f7e8a3dbc720
[2024-07-24T22:34:36.222+0000] {taskinstance.py:2648} INFO - Exporting env vars: AIRFLOW_CTX_DAG_OWNER='***' AIRFLOW_CTX_DAG_ID='car_price_prediction' AIRFLOW_CTX_TASK_ID='first_task' AIRFLOW_CTX_EXECUTION_DATE='2024-07-24T22:34:34.070025+00:00' AIRFLOW_CTX_TRY_NUMBER='1' AIRFLOW_CTX_DAG_RUN_ID='manual__2024-07-24T22:34:34.070025+00:00'
[2024-07-24T22:34:36.223+0000] {taskinstance.py:430} INFO - ::endgroup::
[2024-07-24T22:34:36.224+0000] {subprocess.py:63} INFO - Tmp dir root location: /tmp
[2024-07-24T22:34:36.225+0000] {subprocess.py:75} INFO - Running command: ['/usr/bin/bash', '-c', 'echo "This pipeline"']
[2024-07-24T22:34:36.235+0000] {subprocess.py:86} INFO - Output:
[2024-07-24T22:34:36.236+0000] {subprocess.py:93} INFO - This pipeline
[2024-07-24T22:34:36.237+0000] {subprocess.py:97} INFO - Command exited with return code 0
[2024-07-24T22:34:36.238+0000] {taskinstance.py:441} INFO - ::group::Post task execution logs
[2024-07-24T22:34:36.260+0000] {taskinstance.py:1206} INFO - Marking task as SUCCESS. dag_id=car_price_prediction, task_id=first_task, run_id=manual__2024-07-24T22:34:34.070025+00:00, execution_date=20240724T223434, start_date=20240724T223436, end_date=20240724T223436
[2024-07-24T22:34:36.308+0000] {local_task_job_runner.py:240} INFO - Task exited with return code 0
[2024-07-24T22:34:36.333+0000] {taskinstance.py:3503} INFO - 1 downstream tasks scheduled from follow-on schedule check
[2024-07-24T22:34:36.337+0000] {local_task_job_runner.py:222} INFO - ::endgroup::
