[2024-07-24T19:34:44.794+0000] {local_task_job_runner.py:120} INFO - ::group::Pre task execution logs
[2024-07-24T19:34:44.814+0000] {taskinstance.py:2076} INFO - Dependencies all met for dep_context=non-requeueable deps ti=<TaskInstance: car_price_prediction.first_task manual__2024-07-24T19:34:42.158925+00:00 [queued]>
[2024-07-24T19:34:44.821+0000] {taskinstance.py:2076} INFO - Dependencies all met for dep_context=requeueable deps ti=<TaskInstance: car_price_prediction.first_task manual__2024-07-24T19:34:42.158925+00:00 [queued]>
[2024-07-24T19:34:44.821+0000] {taskinstance.py:2306} INFO - Starting attempt 1 of 2
[2024-07-24T19:34:44.833+0000] {taskinstance.py:2330} INFO - Executing <Task(BashOperator): first_task> on 2024-07-24 19:34:42.158925+00:00
[2024-07-24T19:34:44.839+0000] {warnings.py:112} WARNING - /home/***/.local/lib/python3.12/site-packages/***/task/task_runner/standard_task_runner.py:61: DeprecationWarning: This process (pid=57) is multi-threaded, use of fork() may lead to deadlocks in the child.
  pid = os.fork()

[2024-07-24T19:34:44.841+0000] {standard_task_runner.py:63} INFO - Started process 67 to run task
[2024-07-24T19:34:44.840+0000] {standard_task_runner.py:90} INFO - Running: ['***', 'tasks', 'run', 'car_price_prediction', 'first_task', 'manual__2024-07-24T19:34:42.158925+00:00', '--job-id', '139', '--raw', '--subdir', 'DAGS_FOLDER/hw_dag.py', '--cfg-path', '/tmp/tmpccwem62_']
[2024-07-24T19:34:44.842+0000] {standard_task_runner.py:91} INFO - Job 139: Subtask first_task
[2024-07-24T19:34:44.883+0000] {task_command.py:426} INFO - Running <TaskInstance: car_price_prediction.first_task manual__2024-07-24T19:34:42.158925+00:00 [running]> on host f7e8a3dbc720
[2024-07-24T19:34:44.959+0000] {taskinstance.py:2648} INFO - Exporting env vars: AIRFLOW_CTX_DAG_OWNER='***' AIRFLOW_CTX_DAG_ID='car_price_prediction' AIRFLOW_CTX_TASK_ID='first_task' AIRFLOW_CTX_EXECUTION_DATE='2024-07-24T19:34:42.158925+00:00' AIRFLOW_CTX_TRY_NUMBER='1' AIRFLOW_CTX_DAG_RUN_ID='manual__2024-07-24T19:34:42.158925+00:00'
[2024-07-24T19:34:44.960+0000] {taskinstance.py:430} INFO - ::endgroup::
[2024-07-24T19:34:44.961+0000] {subprocess.py:63} INFO - Tmp dir root location: /tmp
[2024-07-24T19:34:44.962+0000] {subprocess.py:75} INFO - Running command: ['/usr/bin/bash', '-c', 'echo "This pipeline"']
[2024-07-24T19:34:44.972+0000] {subprocess.py:86} INFO - Output:
[2024-07-24T19:34:44.974+0000] {subprocess.py:93} INFO - This pipeline
[2024-07-24T19:34:44.974+0000] {subprocess.py:97} INFO - Command exited with return code 0
[2024-07-24T19:34:44.975+0000] {taskinstance.py:441} INFO - ::group::Post task execution logs
[2024-07-24T19:34:45.001+0000] {taskinstance.py:1206} INFO - Marking task as SUCCESS. dag_id=car_price_prediction, task_id=first_task, run_id=manual__2024-07-24T19:34:42.158925+00:00, execution_date=20240724T193442, start_date=20240724T193444, end_date=20240724T193445
[2024-07-24T19:34:45.055+0000] {local_task_job_runner.py:240} INFO - Task exited with return code 0
[2024-07-24T19:34:45.079+0000] {taskinstance.py:3503} INFO - 1 downstream tasks scheduled from follow-on schedule check
[2024-07-24T19:34:45.083+0000] {local_task_job_runner.py:222} INFO - ::endgroup::
