[2024-07-24T16:35:55.299+0000] {local_task_job_runner.py:120} INFO - ::group::Pre task execution logs
[2024-07-24T16:35:55.320+0000] {taskinstance.py:2076} INFO - Dependencies all met for dep_context=non-requeueable deps ti=<TaskInstance: car_price_prediction.first_task manual__2024-07-24T16:35:52.874083+00:00 [queued]>
[2024-07-24T16:35:55.327+0000] {taskinstance.py:2076} INFO - Dependencies all met for dep_context=requeueable deps ti=<TaskInstance: car_price_prediction.first_task manual__2024-07-24T16:35:52.874083+00:00 [queued]>
[2024-07-24T16:35:55.328+0000] {taskinstance.py:2306} INFO - Starting attempt 1 of 2
[2024-07-24T16:35:55.345+0000] {taskinstance.py:2330} INFO - Executing <Task(BashOperator): first_task> on 2024-07-24 16:35:52.874083+00:00
[2024-07-24T16:35:55.351+0000] {warnings.py:112} WARNING - /home/***/.local/lib/python3.12/site-packages/***/task/task_runner/standard_task_runner.py:61: DeprecationWarning: This process (pid=149) is multi-threaded, use of fork() may lead to deadlocks in the child.
  pid = os.fork()

[2024-07-24T16:35:55.353+0000] {standard_task_runner.py:63} INFO - Started process 158 to run task
[2024-07-24T16:35:55.353+0000] {standard_task_runner.py:90} INFO - Running: ['***', 'tasks', 'run', 'car_price_prediction', 'first_task', 'manual__2024-07-24T16:35:52.874083+00:00', '--job-id', '92', '--raw', '--subdir', 'DAGS_FOLDER/hw_dag.py', '--cfg-path', '/tmp/tmpv3ui0ctt']
[2024-07-24T16:35:55.354+0000] {standard_task_runner.py:91} INFO - Job 92: Subtask first_task
[2024-07-24T16:35:55.398+0000] {task_command.py:426} INFO - Running <TaskInstance: car_price_prediction.first_task manual__2024-07-24T16:35:52.874083+00:00 [running]> on host f7e8a3dbc720
[2024-07-24T16:35:55.477+0000] {taskinstance.py:2648} INFO - Exporting env vars: AIRFLOW_CTX_DAG_OWNER='***' AIRFLOW_CTX_DAG_ID='car_price_prediction' AIRFLOW_CTX_TASK_ID='first_task' AIRFLOW_CTX_EXECUTION_DATE='2024-07-24T16:35:52.874083+00:00' AIRFLOW_CTX_TRY_NUMBER='1' AIRFLOW_CTX_DAG_RUN_ID='manual__2024-07-24T16:35:52.874083+00:00'
[2024-07-24T16:35:55.478+0000] {taskinstance.py:430} INFO - ::endgroup::
[2024-07-24T16:35:55.480+0000] {subprocess.py:63} INFO - Tmp dir root location: /tmp
[2024-07-24T16:35:55.480+0000] {subprocess.py:75} INFO - Running command: ['/usr/bin/bash', '-c', 'echo "This pipeline"']
[2024-07-24T16:35:55.490+0000] {subprocess.py:86} INFO - Output:
[2024-07-24T16:35:55.492+0000] {subprocess.py:93} INFO - This pipeline
[2024-07-24T16:35:55.492+0000] {subprocess.py:97} INFO - Command exited with return code 0
[2024-07-24T16:35:55.493+0000] {taskinstance.py:441} INFO - ::group::Post task execution logs
[2024-07-24T16:35:55.516+0000] {taskinstance.py:1206} INFO - Marking task as SUCCESS. dag_id=car_price_prediction, task_id=first_task, run_id=manual__2024-07-24T16:35:52.874083+00:00, execution_date=20240724T163552, start_date=20240724T163555, end_date=20240724T163555
[2024-07-24T16:35:55.567+0000] {local_task_job_runner.py:240} INFO - Task exited with return code 0
[2024-07-24T16:35:55.592+0000] {taskinstance.py:3503} INFO - 1 downstream tasks scheduled from follow-on schedule check
[2024-07-24T16:35:55.596+0000] {local_task_job_runner.py:222} INFO - ::endgroup::
